[2025-06-02T20:53:54.676+0000] {local_task_job_runner.py:123} INFO - ::group::Pre task execution logs
[2025-06-02T20:53:54.701+0000] {taskinstance.py:2614} INFO - Dependencies all met for dep_context=non-requeueable deps ti=<TaskInstance: fraud_detection_training.cleanup_resources scheduled__2025-06-01T03:00:00+00:00 [queued]>
[2025-06-02T20:53:54.712+0000] {taskinstance.py:2614} INFO - Dependencies all met for dep_context=requeueable deps ti=<TaskInstance: fraud_detection_training.cleanup_resources scheduled__2025-06-01T03:00:00+00:00 [queued]>
[2025-06-02T20:53:54.716+0000] {taskinstance.py:2867} INFO - Starting attempt 1 of 1
[2025-06-02T20:53:54.735+0000] {taskinstance.py:2890} INFO - Executing <Task(BashOperator): cleanup_resources> on 2025-06-01 03:00:00+00:00
[2025-06-02T20:53:54.742+0000] {warnings.py:112} WARNING - /home/***/.local/lib/python3.12/site-packages/***/task/task_runner/standard_task_runner.py:70: DeprecationWarning: This process (pid=794) is multi-threaded, use of fork() may lead to deadlocks in the child.
  pid = os.fork()

[2025-06-02T20:53:54.744+0000] {standard_task_runner.py:72} INFO - Started process 795 to run task
[2025-06-02T20:53:54.744+0000] {standard_task_runner.py:104} INFO - Running: ['***', 'tasks', 'run', 'fraud_detection_training', 'cleanup_resources', 'scheduled__2025-06-01T03:00:00+00:00', '--job-id', '8', '--raw', '--subdir', 'DAGS_FOLDER/fraud_detection_training_dag.py', '--cfg-path', '/tmp/tmp3eo46zzx']
[2025-06-02T20:53:54.745+0000] {standard_task_runner.py:105} INFO - Job 8: Subtask cleanup_resources
[2025-06-02T20:53:54.801+0000] {task_command.py:467} INFO - Running <TaskInstance: fraud_detection_training.cleanup_resources scheduled__2025-06-01T03:00:00+00:00 [running]> on host a2222215717b
[2025-06-02T20:53:54.945+0000] {taskinstance.py:3134} INFO - Exporting env vars: AIRFLOW_CTX_DAG_OWNER='datamasterylab.com' AIRFLOW_CTX_DAG_ID='fraud_detection_training' AIRFLOW_CTX_TASK_ID='cleanup_resources' AIRFLOW_CTX_EXECUTION_DATE='2025-06-01T03:00:00+00:00' AIRFLOW_CTX_TRY_NUMBER='1' AIRFLOW_CTX_DAG_RUN_ID='scheduled__2025-06-01T03:00:00+00:00'
[2025-06-02T20:53:54.946+0000] {taskinstance.py:732} INFO - ::endgroup::
[2025-06-02T20:53:54.984+0000] {subprocess.py:78} INFO - Tmp dir root location: /tmp
[2025-06-02T20:53:54.986+0000] {subprocess.py:88} INFO - Running command: ['/usr/bin/bash', '-c', 'rm -f /app/tmp/*.pkl']
[2025-06-02T20:53:54.996+0000] {subprocess.py:99} INFO - Output:
[2025-06-02T20:53:54.999+0000] {subprocess.py:110} INFO - Command exited with return code 0
[2025-06-02T20:53:55.046+0000] {taskinstance.py:341} INFO - ::group::Post task execution logs
[2025-06-02T20:53:55.047+0000] {taskinstance.py:353} INFO - Marking task as SUCCESS. dag_id=fraud_detection_training, task_id=cleanup_resources, run_id=scheduled__2025-06-01T03:00:00+00:00, execution_date=20250601T030000, start_date=20250602T205354, end_date=20250602T205355
[2025-06-02T20:53:55.201+0000] {local_task_job_runner.py:266} INFO - Task exited with return code 0
[2025-06-02T20:53:55.218+0000] {taskinstance.py:3901} INFO - 0 downstream tasks scheduled from follow-on schedule check
[2025-06-02T20:53:55.278+0000] {local_task_job_runner.py:245} INFO - ::endgroup::
